2022-11-23 18:41:38.258649,info,Player lost the jump bet with 5 and 1 from point 1. They lost 1.6 
2022-11-23 18:41:42.731426,info,Player lost the jump bet with 1 and 4 from point 1. They lost 1.6 
2022-11-23 18:41:45.247795,info,Player won the jump bet with 4 and 6 from point 1. They won 1.6 
2022-11-23 18:41:46.821951,info,Player lost the out bet with 3 and 1 from point 1. They lost 2 
2022-11-23 18:41:50.153844,info,Player lost the jump bet with 3 and 1 from point 1. They lost 1.6 
2022-11-23 18:41:52.210437,info,Player won the jump bet with 4 and 3 from point 1. They won 1.6 
2022-11-23 18:41:53.367094,info,Player lost the out bet with 1 and 3 from point 1. They lost 2 
2022-11-23 18:41:54.595141,info,Player won the jump bet with 4 and 4 from point 1. They won 1.6 
2022-11-23 18:41:55.010269,info,Player won the out bet with 5 and 4 from point 1. They won 2 
2022-11-23 18:41:58.500246,info,Player lost the jump bet with 2 and 3 from point 2. They lost 3 
2022-11-23 18:42:00.767539,info,Player won the jump bet with 3 and 4 from point 1. They won 1.6 
2022-11-23 18:42:01.183205,info,Player won the out bet with 4 and 6 from point 1. They won 2 
2022-11-23 18:42:02.850879,info,Player lost the jump bet with 3 and 2 from point 2. They lost 3 
2022-11-23 18:42:04.853206,info,Player won the jump bet with 4 and 3 from point 1. They won 1.6 
2022-11-23 18:42:05.630031,info,Player lost the out bet with 3 and 5 from point 1. They lost 2 
2022-11-23 18:42:06.976261,info,Player won the jump bet with 4 and 5 from point 1. They won 1.6 
2022-11-23 18:42:07.305174,info,Player lost the out bet with 4 and 1 from point 1. They lost 2 
2022-11-23 18:42:08.566158,info,Player won the jump bet with 2 and 5 from point 1. They won 1.6 
2022-11-23 18:42:08.747569,info,Player lost the out bet with 2 and 4 from point 1. They lost 2 
2022-11-23 18:42:15.473486,info,Player won the jump bet with 6 and 2 from point 1. They won 32.0 
2022-11-23 18:42:16.277202,info,Player lost the out bet with 3 and 4 from point 1. They lost 40 
2022-11-23 18:42:18.276718,info,Player won the jump bet with 2 and 5 from point 1. They won 32.0 
2022-11-23 18:42:18.561619,info,Player lost the out bet with 4 and 5 from point 1. They lost 40 
2022-11-23 18:42:20.249219,info,Player lost the jump bet with 4 and 1 from point 1. They lost 32.0 
2022-11-23 18:42:21.405029,info,Player lost the jump bet with 1 and 2 from point 1. They lost 32.0 
2022-11-23 18:42:22.591174,info,Player won the jump bet with 5 and 3 from point 1. They won 32.0 
2022-11-23 18:42:23.021997,info,Player lost the out bet with 1 and 3 from point 1. They lost 40 
2022-11-23 18:42:24.245224,info,Player won the jump bet with 4 and 6 from point 1. They won 32.0 
2022-11-23 18:42:24.673359,info,Player won the out bet with 6 and 4 from point 1. They won 40 
2022-11-23 18:42:27.954661,info,Player lost the jump bet with 4 and 1 from point 2. They lost 60 
2022-11-23 18:43:35.537778,info,Player won the jump bet with 6 and 3 from point 1. They won 1.6 
2022-11-23 18:43:37.587939,info,Player won the out bet with 6 and 4 from point 1. They won 2 
2022-11-23 18:43:42.585118,info,Player won the jump bet with 5 and 3 from point 1. They won 1.6 
2022-11-23 18:43:43.069084,info,Player lost the out bet with 3 and 4 from point 1. They lost 1 
2022-11-23 18:44:05.285328,info,Player won the jump bet with 3 and 4 from point 1. They won 1.6 
2022-11-23 18:44:07.511580,info,Player lost the jump bet with 1 and 3 from point 1. They lost 1 
2022-11-23 18:44:08.540136,info,BONUS: Player triggered bonus with 6 and 6 from point 1. their payout is 16.5 
2022-11-23 18:44:08.541135,info,Player won the jump bet with 6 and 6 from point 1. They won 16.5 
2022-11-23 18:44:24.734657,info,Player won the out bet with 4 and 3 from point 1. They won 2 
2022-11-23 18:44:36.327840,info,Player lost the jump bet with 1 and 6 from point 2. They lost 1 
2022-11-23 18:44:39.448742,info,Player lost the jump bet with 3 and 5 from point 5. They lost 1 
2022-11-23 18:44:41.457124,info,BONUS: Player triggered bonus with 5 and 5 from point 5. their payout is 41.5 
2022-11-23 18:44:41.457124,info,Player lost the jump bet with 5 and 5 from point 5. They lost 1 
2022-11-23 18:44:47.394811,info,Player lost the jump bet with 3 and 6 from point 5. They lost 1 
2022-11-23 18:44:48.671817,info,BONUS: Player triggered bonus with 5 and 5 from point 5. their payout is 41.5 
2022-11-23 18:44:48.671817,info,Player lost the jump bet with 5 and 5 from point 5. They lost 1 
2022-11-23 18:44:50.536062,info,Player lost the jump bet with 6 and 1 from point 5. They lost 1 
2022-11-23 18:44:51.699713,info,Player lost the jump bet with 1 and 6 from point 5. They lost 1 
2022-11-23 18:44:53.159217,info,Player lost the jump bet with 2 and 6 from point 5. They lost 1 
2022-11-23 18:44:55.102885,info,Player lost the jump bet with 4 and 2 from point 5. They lost 1 
2022-11-23 18:44:57.824377,info,Player lost the jump bet with 1 and 2 from point 5. They lost 1 
2022-11-23 18:44:59.151617,info,Player lost the jump bet with 4 and 4 from point 5. They lost 1 
2022-11-23 18:45:00.417898,info,Player lost the jump bet with 3 and 1 from point 5. They lost 1 
2022-11-23 18:45:01.596227,info,Player lost the jump bet with 2 and 1 from point 5. They lost 1 
2022-11-23 18:45:02.707257,info,Player lost the jump bet with 2 and 5 from point 5. They lost 1 
2022-11-23 18:45:03.844598,info,Player lost the jump bet with 1 and 5 from point 5. They lost 1 
2022-11-23 18:45:05.067982,info,Player lost the jump bet with 4 and 3 from point 5. They lost 1 
2022-11-23 18:45:06.108113,info,Player lost the jump bet with 3 and 6 from point 5. They lost 1 
2022-11-23 18:45:07.219776,info,Player lost the jump bet with 1 and 4 from point 5. They lost 1 
2022-11-23 18:45:08.334258,info,Player lost the jump bet with 3 and 2 from point 5. They lost 1 
2022-11-23 18:45:09.360161,info,Player lost the jump bet with 6 and 1 from point 5. They lost 1 
2022-11-23 18:45:10.813646,info,Player lost the jump bet with 2 and 5 from point 5. They lost 1 
2022-11-23 18:45:11.950304,info,BONUS: Player triggered bonus with 5 and 5 from point 5. their payout is 41.5 
2022-11-23 18:45:11.951308,info,Player lost the jump bet with 5 and 5 from point 5. They lost 1 
2022-11-23 18:45:13.259404,info,Player lost the jump bet with 3 and 3 from point 5. They lost 1 
2022-11-23 18:45:15.272752,info,Player lost the jump bet with 5 and 3 from point 5. They lost 1 
2022-11-23 18:45:16.506083,info,Player lost the jump bet with 2 and 2 from point 5. They lost 1 
2022-11-23 18:45:17.726372,info,Player lost the jump bet with 5 and 3 from point 5. They lost 1 
2022-11-23 18:45:18.846394,info,BONUS: Player triggered bonus with 6 and 6 from point 5. their payout is 41.5 
2022-11-23 18:45:18.846394,info,Player won the jump bet with 6 and 6 from point 5. They won 41.5 
2022-11-23 18:45:40.105156,info,Player rolled a double.1 and 1 on point 5 
2022-11-23 18:45:41.977186,info,Player lost the out bet with 2 and 3 from point 5. They lost 1 
2022-11-23 18:45:51.605128,info,Player won the jump bet with 5 and 6 from point 1. They won 1.6 
2022-11-23 18:45:51.801348,info,BONUS: Player triggered bonus with 5 and 5 from point 1. their payout is 2.5 
2022-11-23 18:45:51.802360,info,Player won the out bet with 5 and 5 from point 1. They won 2 
2022-11-23 18:46:14.956540,info,Player won the jump bet with 4 and 6 from point 1. They won 80.0 
2022-11-23 18:46:16.195610,info,Player won the out bet with 4 and 4 from point 1. They won 100 
2022-11-23 18:46:24.351404,info,Player lost the jump bet with 2 and 1 from point 1. They lost 50 
2022-11-23 18:46:26.289935,info,BONUS: Player triggered bonus with 6 and 6 from point 1. their payout is 825.0 
2022-11-23 18:46:26.289935,info,Player won the jump bet with 6 and 6 from point 1. They won 825.0 
2022-11-23 18:46:35.497079,info,Player won the out bet with 5 and 6 from point 1. They won 100 
2022-11-23 18:46:43.185741,info,Player won the jump bet with 5 and 6 from point 2. They won 150 
2022-11-23 18:46:43.896891,info,Player lost the out bet with 2 and 5 from point 2. They lost 50 
2022-11-23 18:46:46.764792,info,Player won the jump bet with 6 and 4 from point 1. They won 80.0 
2022-11-23 18:46:49.545562,info,Player won the out bet with 2 and 6 from point 1. They won 100 
2022-11-23 18:46:51.992057,info,Player won the jump bet with 3 and 4 from point 1. They won 80.0 
2022-11-23 18:46:52.391396,info,Player lost the out bet with 2 and 6 from point 1. They lost 50 
2022-11-23 18:46:53.632742,info,Player won the jump bet with 3 and 5 from point 1. They won 80.0 
2022-11-23 18:46:53.948140,info,Player lost the out bet with 4 and 2 from point 1. They lost 50 
2022-11-23 18:46:55.267401,info,Player won the jump bet with 6 and 4 from point 1. They won 80.0 
2022-11-23 18:46:55.448162,info,Player won the out bet with 2 and 5 from point 1. They won 100 
2022-11-23 18:46:57.659996,info,Player won the jump bet with 6 and 4 from point 2. They won 150 
2022-11-23 18:46:58.106853,info,Player lost the out bet with 1 and 3 from point 2. They lost 50 
2022-11-23 18:47:00.176494,info,Player lost the jump bet with 1 and 1 from point 1. They lost 50 
2022-11-23 18:47:02.004185,info,Player won the jump bet with 4 and 2 from point 1. They won 80.0 
2022-11-23 18:47:02.881046,info,Player lost the out bet with 6 and 1 from point 1. They lost 50 
2022-11-23 18:47:04.237162,info,Player lost the jump bet with 1 and 4 from point 1. They lost 50 
2022-11-23 18:47:05.240532,info,Player won the jump bet with 6 and 4 from point 1. They won 80.0 
2022-11-23 18:47:05.399501,info,Player rolled a double.1 and 1 on point 1 
2022-11-23 18:47:07.322982,info,Player won the out bet with 4 and 1 from point 1. They won 100 
2022-11-23 18:47:08.873994,info,Player won the jump bet with 2 and 6 from point 1. They won 80.0 
2022-11-23 18:47:09.154989,info,Player lost the out bet with 4 and 1 from point 1. They lost 50 
2022-11-23 18:47:10.512406,info,Player won the jump bet with 4 and 2 from point 1. They won 80.0 
2022-11-23 18:47:10.812251,info,Player lost the out bet with 2 and 6 from point 1. They lost 50 
2022-11-23 18:47:11.782908,info,Player lost the jump bet with 5 and 1 from point 1. They lost 50 
2022-11-23 18:47:12.906901,info,Player won the jump bet with 4 and 5 from point 1. They won 80.0 
2022-11-23 18:47:13.072218,info,Player won the out bet with 4 and 3 from point 1. They won 100 
2022-11-23 18:47:15.884451,info,Player lost the jump bet with 5 and 1 from point 1. They lost 50 
2022-11-23 18:47:17.639180,info,Player won the jump bet with 4 and 2 from point 1. They won 80.0 
2022-11-23 18:47:17.956966,info,Player lost the out bet with 4 and 5 from point 1. They lost 50 
2022-11-23 18:47:18.947122,info,Player won the jump bet with 3 and 3 from point 1. They won 80.0 
2022-11-23 18:47:19.113494,info,Player rolled a double.2 and 2 on point 1 
2022-11-23 18:47:20.167806,info,Player lost the jump bet with 1 and 3 from point 1. They lost 50 
2022-11-23 18:47:21.152661,info,Player won the jump bet with 3 and 2 from point 1. They won 80.0 
2022-11-23 18:47:21.352494,info,Player lost the out bet with 2 and 3 from point 1. They lost 50 
2022-11-23 18:47:22.294783,info,Player won the jump bet with 3 and 5 from point 1. They won 80.0 
2022-11-23 18:47:22.475190,info,Player lost the out bet with 1 and 2 from point 1. They lost 50 
2022-11-23 18:47:23.564093,info,Player won the jump bet with 4 and 3 from point 1. They won 80.0 
2022-11-23 18:47:23.728895,info,Player lost the out bet with 2 and 6 from point 1. They lost 50 
2022-11-23 18:47:24.660543,info,Player won the jump bet with 2 and 2 from point 1. They won 80.0 
2022-11-23 18:47:24.823859,info,Player rolled a double.3 and 1 on point 1 
2022-11-23 18:47:25.845561,info,Player lost the out bet with 1 and 2 from point 1. They lost 50 
2022-11-23 18:47:26.998561,info,Player lost the jump bet with 1 and 5 from point 1. They lost 50 
2022-11-23 18:47:28.371693,info,Player won the jump bet with 3 and 5 from point 1. They won 80.0 
2022-11-23 18:47:28.555759,info,Player lost the out bet with 2 and 6 from point 1. They lost 50 
2022-11-23 18:47:29.649684,info,Player won the jump bet with 4 and 6 from point 1. They won 80.0 
2022-11-23 18:47:29.814396,info,Player lost the out bet with 4 and 1 from point 1. They lost 50 
2022-11-23 18:47:31.299111,info,Player won the jump bet with 3 and 2 from point 1. They won 80.0 
2022-11-23 18:47:31.449529,info,Player lost the out bet with 1 and 3 from point 1. They lost 50 
2022-11-23 18:47:32.670910,info,Player won the jump bet with 3 and 6 from point 1. They won 80.0 
2022-11-23 18:47:32.835543,info,Player lost the out bet with 2 and 1 from point 1. They lost 50 
2022-11-23 18:47:33.931789,info,Player won the jump bet with 2 and 2 from point 1. They won 80.0 
2022-11-23 18:47:34.095590,info,Player rolled a double.3 and 2 on point 1 
2022-11-23 18:47:34.264433,info,Player lost the out bet with 3 and 2 from point 1. They lost 50 
2022-11-23 18:47:35.223773,info,Player lost the jump bet with 2 and 1 from point 1. They lost 50 
2022-11-23 18:47:36.367171,info,Player lost the jump bet with 5 and 1 from point 1. They lost 50 
2022-11-23 18:47:37.513363,info,Player won the jump bet with 2 and 5 from point 1. They won 80.0 
2022-11-23 18:47:37.677240,info,Player lost the out bet with 2 and 3 from point 1. They lost 50 
2022-11-23 18:47:38.571087,info,Player won the jump bet with 6 and 5 from point 1. They won 80.0 
2022-11-23 18:47:38.734099,info,Player won the out bet with 6 and 4 from point 1. They won 100 
2022-11-23 18:47:40.060683,info,Player won the jump bet with 5 and 2 from point 1. They won 80.0 
2022-11-23 18:47:40.225469,info,Player lost the out bet with 2 and 1 from point 1. They lost 50 
2022-11-23 18:47:41.176548,info,Player won the jump bet with 2 and 5 from point 1. They won 80.0 
2022-11-23 18:47:41.362323,info,Player lost the out bet with 5 and 2 from point 1. They lost 50 
2022-11-23 18:47:42.764229,info,Player lost the jump bet with 4 and 1 from point 1. They lost 50 
2022-11-23 18:47:43.881489,info,Player won the jump bet with 2 and 5 from point 1. They won 80.0 
2022-11-23 18:47:44.061505,info,Player lost the out bet with 1 and 5 from point 1. They lost 50 
2022-11-23 18:47:54.218711,info,Player won the jump bet with 3 and 3 from point 1. They won 80.0 
2022-11-23 18:47:54.381715,info,Player rolled a double.2 and 4 on point 1 
2022-11-23 18:47:54.595966,info,Player won the out bet with 1 and 3 from point 1. They won 100 
2022-11-23 18:47:56.028129,info,Player won the jump bet with 4 and 5 from point 2. They won 150 
2022-11-23 18:47:56.226229,info,Player won the out bet with 6 and 5 from point 2. They won 100 
2022-11-23 18:48:05.922325,info,Player lost the jump bet with 6 and 1 from point 3. They lost 50 
2022-11-23 18:48:08.572376,info,Player lost the jump bet with 4 and 3 from point 3. They lost 50 
2022-11-23 18:48:09.571209,info,Player lost the jump bet with 2 and 1 from point 3. They lost 50 
2022-11-23 18:48:10.433998,info,Player won the jump bet with 5 and 4 from point 3. They won 200 
2022-11-23 18:48:11.044685,info,Player lost the out bet with 3 and 2 from point 3. They lost 50 
2022-11-23 18:48:12.138948,info,Player lost the jump bet with 3 and 4 from point 3. They lost 50 
2022-11-23 18:48:13.466835,info,Player lost the jump bet with 4 and 2 from point 3. They lost 50 
2022-11-23 18:48:14.412729,info,Player lost the jump bet with 5 and 1 from point 3. They lost 50 
2022-11-23 18:48:15.324406,info,Player lost the jump bet with 3 and 1 from point 3. They lost 50 
2022-11-23 18:48:16.186123,info,Player won the jump bet with 4 and 4 from point 3. They won 200 
2022-11-23 18:48:16.352666,info,Player rolled a double.2 and 4 on point 3 
2022-11-23 18:48:17.326361,info,Player lost the jump bet with 1 and 6 from point 3. They lost 50 
2022-11-23 18:48:18.268338,info,Player lost the jump bet with 3 and 5 from point 3. They lost 50 
2022-11-23 18:48:19.203924,info,Player lost the jump bet with 5 and 1 from point 3. They lost 50 
2022-11-23 18:48:20.133105,info,Player won the jump bet with 4 and 5 from point 3. They won 200 
2022-11-23 18:48:20.297485,info,Player lost the out bet with 2 and 6 from point 3. They lost 50 
2022-11-23 18:48:21.144527,info,BONUS: Player triggered bonus with 6 and 6 from point 3. their payout is 225.0 
2022-11-23 18:48:21.145527,info,Player won the jump bet with 6 and 6 from point 3. They won 225.0 
2022-11-23 18:48:21.308960,info,Player won the out bet with 6 and 4 from point 3. They won 250 
2022-11-23 18:53:51.123002,info,Player won the jump bet with 2 and 5 from point 1. They won 1.6 
2022-11-23 18:53:51.367381,info,Player lost the out bet with 3 and 2 from point 1. They lost 1 
2022-11-23 18:53:52.857756,info,Player lost the jump bet with 1 and 3 from point 1. They lost 1 
2022-11-23 18:53:54.179681,info,Player won the jump bet with 6 and 2 from point 1. They won 1.6 
2022-11-23 18:53:54.440189,info,Player won the out bet with 6 and 2 from point 1. They won 2 
2022-11-23 18:54:50.449002,info,Player won the jump bet with 4 and 3 from point 1. They won 1.6 
2022-11-23 18:54:51.567449,info,Player lost the out bet with 1 and 3 from point 1. They lost 1 
2022-11-23 18:54:54.479833,info,Player lost the jump bet with 1 and 4 from point 1. They lost 1 
2022-11-23 18:54:55.984222,info,Player lost the jump bet with 3 and 1 from point 1. They lost 1 
2022-11-23 18:54:57.122295,info,Player won the jump bet with 4 and 4 from point 1. They won 1.6 
2022-11-23 18:54:57.321855,info,Player won the out bet with 6 and 4 from point 1. They won 2 
2022-11-23 18:54:58.977810,info,Player lost the jump bet with 1 and 3 from point 1. They lost 1 
2022-11-23 18:55:00.003312,info,Player won the jump bet with 4 and 6 from point 1. They won 1.6 
2022-11-23 18:55:00.165011,info,Player won the out bet with 4 and 5 from point 1. They won 2 
2022-11-23 18:55:04.113306,info,Player lost the jump bet with 1 and 3 from point 1. They lost 1 
2022-11-23 18:55:05.358538,info,Player won the jump bet with 6 and 3 from point 1. They won 1.6 
2022-11-23 18:55:05.556930,info,Player won the out bet with 6 and 5 from point 1. They won 2 
2022-11-25 07:11:57.971672,info,BONUS: Player triggered bonus with 6 and 6 from point 1. their payout is 165.0 
2022-11-25 07:11:58.148642,info,Player won the jump bet with 6 and 6 from point 1. They won 165.0 
2022-11-25 07:12:03.573239,info,Player rolled a double.1 and 3 on point 1 
2022-11-25 07:12:05.597694,info,Player won the out bet with 5 and 2 from point 1. They won 20 
2022-11-25 07:12:11.847351,info,Player won the jump bet with 4 and 3 from point 2. They won 30 
2022-11-25 07:12:13.518178,info,Player lost the out bet with 3 and 4 from point 2. They lost 10 
2022-11-25 07:12:18.892135,info,Player won the jump bet with 5 and 2 from point 1. They won 16.0 
2022-11-25 07:12:19.608647,info,Player lost the out bet with 2 and 6 from point 1. They lost 10 
2022-11-25 07:12:23.288806,info,Player won the jump bet with 2 and 3 from point 1. They won 16.0 
2022-11-25 07:12:23.740523,info,Player lost the out bet with 3 and 2 from point 1. They lost 10 
2022-11-25 07:12:26.142718,info,Player lost the jump bet with 1 and 6 from point 1. They lost 10 
2022-11-25 07:12:28.629296,info,BONUS: Player triggered bonus with 5 and 5 from point 1. their payout is 165.0 
2022-11-25 07:12:28.631296,info,Player won the jump bet with 5 and 5 from point 1. They won 165.0 
2022-11-25 07:12:28.994012,info,Player won the out bet with 6 and 4 from point 1. They won 20 
2022-11-25 07:12:34.940722,info,Player won the jump bet with 6 and 4 from point 2. They won 30 
2022-11-25 07:12:35.558830,info,Player won the out bet with 4 and 5 from point 2. They won 20 
2022-11-25 07:12:40.329086,info,Player lost the jump bet with 3 and 3 from point 3. They lost 10 
2022-11-25 07:12:47.183163,info,BONUS: Player triggered bonus with 6 and 6 from point 1. their payout is 165.0 
2022-11-25 07:12:47.186161,info,Player won the jump bet with 6 and 6 from point 1. They won 165.0 
2022-11-25 07:12:48.799799,info,Player won the out bet with 2 and 2 from point 1. They won 20 
2022-11-25 07:12:56.391087,info,Player won the jump bet with 4 and 5 from point 2. They won 30 
2022-11-25 07:12:56.856376,info,Player lost the out bet with 2 and 5 from point 2. They lost 10 
2022-11-25 07:13:01.008198,info,Player won the jump bet with 2 and 5 from point 1. They won 16.0 
2022-11-25 07:13:02.312683,info,Player lost the out bet with 4 and 2 from point 1. They lost 10 
2022-11-25 07:13:05.036764,info,Player won the jump bet with 3 and 2 from point 1. They won 16.0 
2022-11-25 07:13:05.434044,info,Player lost the out bet with 2 and 1 from point 1. They lost 10 
2022-11-25 07:13:07.436932,info,Player won the jump bet with 5 and 4 from point 1. They won 16.0 
2022-11-25 07:13:07.819858,info,Player lost the out bet with 1 and 4 from point 1. They lost 10 
2022-11-25 07:13:10.180049,info,Player won the jump bet with 5 and 2 from point 1. They won 16.0 
2022-11-25 07:13:10.464180,info,BONUS: Player triggered bonus with 6 and 6 from point 1. their payout is 25.0 
2022-11-25 07:13:10.466171,info,Player won the out bet with 6 and 6 from point 1. They won 20 
2022-11-25 07:13:15.181101,info,Player lost the jump bet with 2 and 4 from point 2. They lost 10 
2022-11-25 07:13:18.146857,info,Player lost the jump bet with 6 and 1 from point 1. They lost 10 
2022-11-25 07:13:20.109054,info,Player lost the jump bet with 6 and 2 from point 2. They lost 10 
2022-11-25 07:13:22.536203,info,Player won the jump bet with 2 and 6 from point 1. They won 16.0 
2022-11-25 07:13:23.279313,info,Player lost the out bet with 4 and 2 from point 1. They lost 10 
2022-11-25 07:13:25.348161,info,Player won the jump bet with 2 and 2 from point 1. They won 16.0 
2022-11-25 07:13:25.514744,info,Player rolled a double.3 and 5 on point 1 
2022-11-25 07:13:27.484217,info,Player won the out bet with 6 and 3 from point 1. They won 20 
2022-11-25 07:13:31.861125,info,BONUS: Player triggered bonus with 6 and 6 from point 1. their payout is 165.0 
2022-11-25 07:13:31.863064,info,Player won the jump bet with 6 and 6 from point 1. They won 165.0 
2022-11-25 07:13:32.011705,info,Player rolled a double.1 and 5 on point 1 
2022-11-25 07:13:32.161774,info,Player won the out bet with 5 and 6 from point 1. They won 20 
2022-11-25 07:13:34.090216,info,Player lost the jump bet with 1 and 1 from point 1. They lost 10 
2022-11-25 07:13:37.023156,info,Player lost the jump bet with 1 and 3 from point 1. They lost 10 
2022-11-25 07:13:39.293843,info,Player won the jump bet with 6 and 5 from point 1. They won 16.0 
2022-11-25 07:13:39.610746,info,Player won the out bet with 3 and 2 from point 1. They won 20 
2022-11-25 07:13:44.110313,info,Player won the jump bet with 2 and 6 from point 1. They won 16.0 
2022-11-25 07:13:44.445373,info,Player lost the out bet with 5 and 2 from point 1. They lost 10 
2022-11-25 07:13:46.557571,info,Player won the jump bet with 2 and 4 from point 1. They won 16.0 
2022-11-25 07:13:46.938386,info,Player lost the out bet with 5 and 2 from point 1. They lost 10 
2022-11-25 07:13:48.748303,info,Player lost the jump bet with 4 and 1 from point 1. They lost 10 
2022-11-25 07:13:50.839421,info,Player won the jump bet with 5 and 2 from point 1. They won 16.0 
2022-11-25 07:13:51.020300,info,Player lost the out bet with 1 and 6 from point 1. They lost 10 
2022-11-25 07:13:57.467300,info,Player lost the jump bet with 1 and 5 from point 5. They lost 10 
2022-11-25 07:13:59.617958,info,Player lost the jump bet with 1 and 5 from point 5. They lost 10 
2022-11-25 07:14:01.837040,info,BONUS: Player triggered bonus with 5 and 5 from point 5. their payout is 415.0 
2022-11-25 07:14:01.839028,info,Player lost the jump bet with 5 and 5 from point 5. They lost 10 
2022-11-25 07:14:04.301381,info,Player lost the jump bet with 2 and 5 from point 5. They lost 10 
2022-11-25 07:14:06.020568,info,Player lost the jump bet with 6 and 2 from point 5. They lost 10 
2022-11-25 07:14:07.907238,info,Player lost the jump bet with 4 and 3 from point 5. They lost 10 
2022-11-25 07:14:09.707801,info,Player lost the jump bet with 3 and 2 from point 5. They lost 10 
2022-11-25 20:21:30.347044,info,Player lost the jump bet with 1 and 3 from point 1. They lost 4 
2022-11-25 20:21:32.549052,info,Player won the jump bet with 3 and 3 from point 1. They won 6.4 
2022-11-25 20:21:33.712036,info,Player rolled a double.3 and 5 on point 1 
2022-11-25 20:21:34.137699,info,Player won the out bet with 5 and 1 from point 1. They won 8 
2022-11-26 21:15:44.961723,info,Player won the jump bet with 6 and 5 from point 1. They won 1.6 
2022-11-26 21:15:46.453882,info,Player won the out bet with 5 and 4 from point 1. They won 2 
2022-11-26 21:15:48.648543,info,BONUS: Player triggered bonus with 6 and 6 from point 1. their payout is 16.5 
2022-11-26 21:15:48.649449,info,Player won the jump bet with 6 and 6 from point 1. They won 16.5 
2022-11-26 21:31:04.261283,info,Player won the jump bet with 4 and 4 from point 1. They won 1.6 
2022-11-26 21:31:17.214741,info,Player lost the jump bet with 1 and 5 from point 1. They lost 4 
2022-11-26 21:31:35.826703,info,Player lost the jump bet with 1 and 2 from point 1. They lost 4 
2022-11-26 21:31:41.896182,info,Player won the jump bet with 4 and 5 from point 1. They won 6.4 
2022-11-26 21:32:26.547096,info,BONUS: Player triggered bonus with 6 and 6 from point 1. their payout is 66.0 
2022-11-26 21:32:26.548133,info,Player won the jump bet with 6 and 6 from point 1. They won 66.0 
2022-11-26 21:32:30.854152,info,Player won the jump bet with 3 and 6 from point 1. They won 6.4 
2022-11-26 21:40:30.800345,info,Player won the jump bet with 4 and 2 from point 1. They won 6.4 
2022-11-26 21:52:28.045547,info,Player lost the jump bet with 3 and 1 from point 1. They lost 1 
2022-11-26 21:54:04.913219,info,Player lost the jump bet with 5 and 1 from point 1. They lost 1 
2022-11-26 21:54:08.303094,info,Player won the jump bet with 2 and 6 from point 1. They won 1.6 
2022-11-26 21:54:09.827250,info,Player won the jump bet with 2 and 3 from point 1. They won 1.6 
2022-11-26 21:54:11.273684,info,Player won the jump bet with 3 and 6 from point 1. They won 1.6 
2022-11-26 21:54:12.332019,info,BONUS: Player triggered bonus with 6 and 6 from point 1. their payout is 16.5 
2022-11-26 21:54:12.332997,info,Player won the jump bet with 6 and 6 from point 1. They won 16.5 
2022-11-26 21:54:13.441929,info,Player won the jump bet with 3 and 5 from point 1. They won 1.6 
2022-11-26 21:54:14.668257,info,Player won the jump bet with 6 and 3 from point 1. They won 1.6 
2022-11-26 21:54:15.313699,info,Player lost the out bet with 4 and 3 from point 1. They lost 1 
2022-11-26 21:54:32.560587,info,Player lost the jump bet with 4 and 1 from point 1. They lost 10 
2022-11-26 21:54:35.080031,info,Player won the jump bet with 4 and 4 from point 1. They won 16.0 
2022-11-26 21:54:54.336914,info,Player rolled a double.3 and 3 on point 1 
2022-11-26 21:54:54.736766,info,Player won the out bet with 4 and 2 from point 1. They won 20 
2022-11-26 21:54:56.592116,info,Player won the jump bet with 3 and 4 from point 1. They won 16.0 
2022-11-27 13:47:50.854334,info,Player lost the jump bet with 4 and 1 from point 1. They lost 1 
2022-11-27 13:47:52.384312,info,Player lost the jump bet with 5 and 1 from point 1. They lost 1 
2022-11-27 13:47:53.419473,info,Player lost the jump bet with 2 and 1 from point 1. They lost 1 
2022-11-27 13:47:54.925236,info,Player won the jump bet with 5 and 4 from point 1. They won 1.6 
2022-11-27 13:47:55.773803,info,Player lost the out bet with 5 and 2 from point 1. They lost 1 
2022-11-27 13:47:57.266748,info,Player lost the jump bet with 3 and 1 from point 1. They lost 1 
2022-11-27 13:47:58.248214,info,Player won the jump bet with 4 and 5 from point 1. They won 1.6 
2022-11-27 13:47:58.410042,info,Player lost the out bet with 2 and 5 from point 1. They lost 1 
2022-11-27 13:47:59.516735,info,Player lost the jump bet with 1 and 5 from point 1. They lost 1 
2022-11-27 13:48:00.426169,info,Player won the jump bet with 2 and 2 from point 1. They won 1.6 
2022-11-27 13:48:00.589999,info,BONUS: Player triggered bonus with 6 and 6 from point 1. their payout is 2.5 
2022-11-27 13:48:00.590985,info,Player won the out bet with 6 and 6 from point 1. They won 2 
2022-11-27 13:48:07.714538,info,Player won the jump bet with 6 and 3 from point 2. They won 3 
2022-11-27 13:48:09.090875,info,Player lost the jump bet with 2 and 2 from point 2. They lost 1 
2022-11-27 13:48:09.706456,info,Player won the jump bet with 5 and 6 from point 2. They won 3 
2022-11-27 13:48:10.199946,info,Player won the jump bet with 3 and 5 from point 2. They won 3 
2022-11-27 13:48:10.629221,info,Player won the jump bet with 3 and 4 from point 2. They won 3 
2022-11-27 13:48:11.059727,info,Player lost the jump bet with 4 and 2 from point 2. They lost 1 
2022-11-27 13:48:12.520230,info,Player lost the jump bet with 1 and 4 from point 2. They lost 1 
2022-11-27 13:48:13.130895,info,Player lost the jump bet with 2 and 1 from point 2. They lost 1 
2022-11-27 13:48:13.776993,info,Player won the jump bet with 5 and 4 from point 2. They won 3 
2022-11-27 13:48:14.021875,info,Player won the out bet with 5 and 6 from point 2. They won 2 
2022-11-27 13:48:15.508033,info,BONUS: Player triggered bonus with 6 and 6 from point 2. their payout is 3.5 
2022-11-27 13:48:15.508033,info,Player won the jump bet with 6 and 6 from point 2. They won 3.5 
2022-11-27 13:48:15.693310,info,Player rolled a double.3 and 1 on point 2 
2022-11-27 13:48:15.857436,info,Player won the out bet with 3 and 4 from point 2. They won 2 
2022-11-27 13:48:16.646667,info,Player lost the jump bet with 3 and 2 from point 2. They lost 1 
2022-11-27 13:48:17.488211,info,Player won the jump bet with 4 and 6 from point 2. They won 3 
2022-11-27 13:48:17.655177,info,Player lost the out bet with 6 and 2 from point 2. They lost 1 
2022-11-27 13:48:18.419988,info,Player won the jump bet with 3 and 6 from point 2. They won 3 
2022-11-27 13:48:18.566802,info,Player won the out bet with 3 and 6 from point 2. They won 2 
2022-11-27 13:48:20.613960,info,Player lost the jump bet with 2 and 4 from point 2. They lost 1 
2022-11-27 13:48:21.956928,info,Player lost the jump bet with 2 and 4 from point 2. They lost 1 
2022-11-27 13:48:23.283221,info,Player lost the jump bet with 1 and 4 from point 2. They lost 1 
2022-11-27 13:48:24.350057,info,Player lost the jump bet with 6 and 2 from point 2. They lost 1 
2022-11-27 13:48:25.182091,info,Player won the jump bet with 5 and 4 from point 2. They won 3 
2022-11-27 13:48:25.349031,info,Player lost the out bet with 1 and 4 from point 2. They lost 1 
2022-11-27 13:48:26.211701,info,Player lost the jump bet with 2 and 2 from point 2. They lost 1 
2022-11-27 13:48:27.052647,info,Player lost the jump bet with 5 and 1 from point 2. They lost 1 
2022-11-27 13:48:27.882835,info,Player lost the jump bet with 1 and 2 from point 2. They lost 1 
2022-11-27 13:48:28.590750,info,Player won the jump bet with 4 and 5 from point 2. They won 3 
2022-11-27 13:48:28.756024,info,Player lost the out bet with 1 and 3 from point 2. They lost 1 
2022-11-27 13:48:29.419318,info,Player lost the jump bet with 3 and 1 from point 2. They lost 1 
2022-11-27 13:48:30.212933,info,Player lost the jump bet with 3 and 2 from point 2. They lost 1 
2022-11-27 13:48:30.953209,info,BONUS: Player triggered bonus with 5 and 5 from point 2. their payout is 3.5 
2022-11-27 13:48:30.954157,info,Player won the jump bet with 5 and 5 from point 2. They won 3.5 
2022-11-27 13:48:31.117923,info,BONUS: Player triggered bonus with 5 and 5 from point 2. their payout is 2.5 
2022-11-27 13:48:31.117923,info,Player won the out bet with 5 and 5 from point 2. They won 2 
2022-11-27 14:09:21.785809,info,Player lost the jump bet with 1 and 6 from point 1. They lost 1 
2022-11-27 14:09:23.608307,info,Player won the jump bet with 5 and 6 from point 2. They won 3 
2022-11-27 14:09:24.309381,info,Player lost the jump bet with 6 and 1 from point 2. They lost 1 
2022-11-27 14:09:24.857081,info,Player lost the jump bet with 6 and 2 from point 2. They lost 1 
2022-11-27 14:09:25.369932,info,Player lost the jump bet with 3 and 2 from point 2. They lost 1 
2022-11-27 14:09:26.171700,info,Player won the jump bet with 5 and 3 from point 2. They won 3 
2022-11-27 14:09:26.751172,info,Player won the jump bet with 6 and 5 from point 2. They won 3 
2022-11-27 14:09:27.280464,info,Player won the jump bet with 6 and 4 from point 2. They won 3 
2022-11-27 14:09:27.874993,info,Player lost the jump bet with 2 and 2 from point 2. They lost 1 
2022-11-27 14:09:28.505784,info,BONUS: Player triggered bonus with 6 and 6 from point 2. their payout is 3.5 
2022-11-27 14:09:28.505784,info,Player won the jump bet with 6 and 6 from point 2. They won 3.5 
2022-11-29 18:34:53.883802,info,Player won the jump bet with 6 and 3 from point 1. They won 32.0 
2022-11-29 18:34:56.671232,info,Player lost the out bet with 4 and 1 from point 1. They lost 20 
2022-11-29 18:35:12.803201,info,Player won the jump bet with 5 and 3 from point 1. They won 32.0 
2022-11-29 18:35:13.398743,info,Player lost the out bet with 4 and 2 from point 1. They lost 20 
2022-11-29 18:35:15.246428,info,BONUS: Player triggered bonus with 6 and 6 from point 1. their payout is 330.0 
2022-11-29 18:35:15.246428,info,Player won the jump bet with 6 and 6 from point 1. They won 330.0 
2022-11-29 18:35:15.708023,info,Player won the out bet with 3 and 2 from point 1. They won 40 
2022-11-29 18:35:30.454700,info,Player won the jump bet with 5 and 3 from point 1. They won 32.0 
2022-11-29 18:35:31.146350,info,Player lost the out bet with 3 and 4 from point 1. They lost 20 
2022-11-29 18:35:33.878157,info,Player won the jump bet with 4 and 3 from point 1. They won 32.0 
2022-11-29 18:35:34.412552,info,Player won the out bet with 4 and 6 from point 1. They won 40 
2022-11-29 18:35:40.471756,info,Player lost the jump bet with 1 and 4 from point 1. They lost 20 
2022-11-29 18:35:43.326642,info,Player won the jump bet with 3 and 6 from point 1. They won 32.0 
2022-11-29 18:35:44.518257,info,Player rolled a double.3 and 3 on point 1 
2022-11-29 18:35:49.619023,info,Player won the out bet with 4 and 1 from point 1. They won 40 
2022-11-29 18:36:14.180601,info,Player won the jump bet with 4 and 2 from point 1. They won 32.0 
2022-11-29 18:36:15.457409,info,Player lost the out bet with 6 and 3 from point 1. They lost 20 
2022-11-29 18:36:18.198725,info,Player lost the jump bet with 1 and 3 from point 1. They lost 20 
2022-11-29 18:36:19.533011,info,Player lost the jump bet with 4 and 1 from point 1. They lost 20 
2022-11-29 18:36:20.740594,info,Player lost the jump bet with 2 and 1 from point 1. They lost 20 
2022-11-29 18:36:22.015915,info,Player won the jump bet with 2 and 3 from point 1. They won 32.0 
2022-11-29 18:36:23.004823,info,Player lost the out bet with 6 and 3 from point 1. They lost 20 
2022-11-29 18:36:25.002680,info,Player won the jump bet with 6 and 4 from point 1. They won 32.0 
2022-11-29 18:36:26.602540,info,Player rolled a double.2 and 2 on point 1 
2022-11-29 18:36:28.000084,info,Player won the out bet with 5 and 4 from point 1. They won 40 
2022-11-29 18:36:30.070727,info,Player lost the jump bet with 3 and 1 from point 1. They lost 20 
2022-11-29 18:36:31.643090,info,Player won the jump bet with 3 and 5 from point 1. They won 32.0 
2022-11-29 18:36:32.039736,info,Player lost the out bet with 4 and 1 from point 1. They lost 20 
2022-11-29 18:36:33.383620,info,Player won the jump bet with 2 and 2 from point 1. They won 32.0 
2022-11-29 18:36:33.733947,info,Player rolled a double.4 and 2 on point 1 
2022-11-29 18:36:35.674628,info,Player won the out bet with 4 and 2 from point 1. They won 40 
2022-11-29 18:36:40.694970,info,Player lost the jump bet with 6 and 1 from point 1. They lost 20 
2022-11-29 18:36:41.784156,info,Player won the jump bet with 5 and 6 from point 1. They won 32.0 
2022-11-29 18:36:42.146624,info,Player won the out bet with 5 and 3 from point 1. They won 40 
2022-11-29 18:36:44.616550,info,Player lost the jump bet with 2 and 1 from point 1. They lost 20 
2022-11-29 18:36:46.003692,info,BONUS: Player triggered bonus with 6 and 6 from point 1. their payout is 330.0 
2022-11-29 18:36:46.003692,info,Player won the jump bet with 6 and 6 from point 1. They won 330.0 
2022-11-29 18:36:48.084240,info,Player won the out bet with 5 and 3 from point 1. They won 40 
2022-11-29 18:36:51.030338,info,Player won the jump bet with 2 and 3 from point 1. They won 32.0 
2022-11-29 18:36:51.378381,info,Player won the out bet with 6 and 5 from point 1. They won 40 
2022-11-29 18:36:53.466364,info,Player won the jump bet with 3 and 6 from point 1. They won 32.0 
2022-11-29 18:36:53.779179,info,Player won the out bet with 3 and 5 from point 1. They won 40 
2022-11-29 18:36:55.344492,info,Player won the jump bet with 5 and 3 from point 1. They won 32.0 
2022-11-29 18:36:55.832560,info,Player lost the out bet with 2 and 1 from point 1. They lost 20 
2022-11-29 18:36:58.179405,info,Player lost the jump bet with 1 and 1 from point 1. They lost 20 
2022-11-29 18:36:59.746242,info,Player lost the jump bet with 1 and 1 from point 1. They lost 20 
2022-11-29 18:37:01.372353,info,Player won the jump bet with 2 and 5 from point 1. They won 32.0 
2022-11-29 18:37:02.151210,info,Player rolled a double.4 and 4 on point 1 
2022-11-29 18:37:03.688610,info,Player lost the jump bet with 1 and 4 from point 1. They lost 20 
2022-11-29 18:37:04.825762,info,Player lost the jump bet with 1 and 5 from point 1. They lost 20 
2022-11-29 18:37:05.904569,info,Player won the jump bet with 4 and 6 from point 1. They won 32.0 
2022-11-29 18:37:06.239439,info,Player lost the out bet with 1 and 2 from point 1. They lost 20 
2022-11-29 18:37:07.296402,info,Player lost the jump bet with 1 and 5 from point 1. They lost 20 
2022-11-29 18:37:08.691565,info,Player lost the jump bet with 1 and 4 from point 1. They lost 20 
2022-11-29 18:37:09.844926,info,Player lost the jump bet with 1 and 3 from point 1. They lost 20 
2022-11-29 18:37:11.006904,info,Player won the jump bet with 2 and 4 from point 1. They won 32.0 
2022-11-29 18:37:11.291096,info,Player lost the out bet with 3 and 5 from point 1. They lost 20 
2022-11-29 18:37:13.113052,info,Player won the jump bet with 4 and 4 from point 1. They won 32.0 
2022-11-29 18:37:22.298363,info,Player won the out bet with 6 and 5 from point 1. They won 40 
2022-11-29 18:37:37.332341,info,Player won the jump bet with 3 and 3 from point 1. They won 32.0 
2022-11-29 18:37:44.714927,info,Player rolled a double.4 and 4 on point 1 
2022-11-29 18:37:46.165369,info,Player won the out bet with 2 and 2 from point 1. They won 40 
2022-11-29 18:38:46.993145,info,Player lost the jump bet with 1 and 4 from point 1. They lost 5 
2022-11-29 18:38:49.492999,info,Player won the jump bet with 4 and 5 from point 1. They won 8.0 
2022-11-29 18:38:50.416391,info,BONUS: Player triggered bonus with 5 and 5 from point 1. their payout is 12.5 
2022-11-29 18:38:50.417333,info,Player won the out bet with 5 and 5 from point 1. They won 18.0 
2022-11-29 18:38:55.038194,info,Player won the jump bet with 3 and 4 from point 1. They won 8.0 
2022-11-29 18:38:56.200728,info,Player lost the out bet with 5 and 1 from point 1. They lost 5 
2022-11-29 18:38:57.995439,info,Player lost the jump bet with 1 and 5 from point 1. They lost 5 
2022-11-29 18:38:59.747701,info,Player won the jump bet with 2 and 5 from point 1. They won 8.0 
2022-11-29 18:39:00.127524,info,Player lost the out bet with 6 and 2 from point 1. They lost 5 
2022-11-29 18:39:02.433200,info,Player lost the jump bet with 3 and 1 from point 1. They lost 5 
2022-11-29 18:39:03.603565,info,Player won the jump bet with 6 and 4 from point 1. They won 8.0 
2022-11-29 18:39:04.014910,info,Player won the out bet with 2 and 4 from point 1. They won 18.0 
2022-11-29 18:39:07.242297,info,Player won the jump bet with 5 and 6 from point 1. They won 8.0 
2022-11-29 18:39:11.219348,info,Player won the out bet with 5 and 3 from point 1. They won 18.0 
2022-11-29 18:39:17.348938,info,Player won the jump bet with 5 and 4 from point 1. They won 8.0 
2022-11-29 18:39:21.227068,info,Player lost the out bet with 2 and 4 from point 1. They lost 5 
2022-11-29 18:39:28.469491,info,Player won the jump bet with 3 and 5 from point 1. They won 8.0 
2022-11-29 18:39:29.975088,info,Player won the out bet with 6 and 5 from point 1. They won 18.0 
2022-11-29 18:40:48.394306,info,Player lost the jump bet with 1 and 5 from point 1. They lost 20 
2022-11-29 18:40:51.629878,info,Player lost the jump bet with 3 and 1 from point 1. They lost 20 
2022-11-29 18:40:53.283420,info,Player won the jump bet with 3 and 3 from point 1. They won 32.0 
2022-11-29 18:40:54.177021,info,Player rolled a double.5 and 2 on point 1 
2022-11-29 18:40:55.547824,info,Player won the out bet with 4 and 3 from point 1. They won 72.0 
2022-11-29 18:41:04.446491,info,Player won the jump bet with 2 and 3 from point 1. They won 32.0 
2022-11-29 18:41:04.842106,info,Player lost the out bet with 3 and 5 from point 1. They lost 20 
2022-11-29 18:41:06.869046,info,Player won the jump bet with 4 and 3 from point 1. They won 32.0 
2022-11-29 18:41:07.187325,info,Player rolled a double.4 and 4 on point 1 
2022-11-29 18:41:08.453261,info,Player won the out bet with 1 and 3 from point 1. They won 72.0 
2022-11-29 18:41:10.990783,info,Player lost the jump bet with 5 and 1 from point 1. They lost 20 
2022-11-29 18:41:12.457577,info,Player lost the jump bet with 1 and 5 from point 1. They lost 20 
2022-11-29 18:41:13.808063,info,Player lost the jump bet with 1 and 5 from point 1. They lost 20 
2022-11-29 18:41:15.226548,info,Player won the jump bet with 3 and 3 from point 1. They won 32.0 
2022-11-29 18:41:15.541509,info,Player rolled a double.2 and 4 on point 1 
2022-11-29 18:41:16.812201,info,Player won the out bet with 3 and 5 from point 1. They won 72.0 
2022-11-29 18:41:18.216129,info,Player lost the jump bet with 4 and 1 from point 1. They lost 20 
2022-11-29 18:41:19.403440,info,Player lost the jump bet with 1 and 3 from point 1. They lost 20 
2022-11-29 18:41:20.896983,info,Player won the jump bet with 2 and 2 from point 1. They won 32.0 
2022-11-29 18:41:21.174894,info,Player rolled a double.3 and 1 on point 1 
2022-11-29 18:41:22.186815,info,Player lost the out bet with 4 and 1 from point 1. They lost 20 
2022-11-29 18:41:24.387560,info,Player won the jump bet with 3 and 6 from point 1. They won 32.0 
2022-11-29 18:41:24.635160,info,Player lost the out bet with 4 and 3 from point 1. They lost 20 
2022-11-29 18:41:26.929452,info,Player won the jump bet with 3 and 5 from point 1. They won 32.0 
2022-11-29 18:41:27.292898,info,Player rolled a double.3 and 3 on point 1 
2022-11-29 18:41:28.302428,info,Player won the out bet with 6 and 5 from point 1. They won 72.0 
2022-11-29 18:41:31.015780,info,Player lost the jump bet with 1 and 1 from point 1. They lost 20 
2022-11-29 18:41:32.639478,info,Player won the jump bet with 4 and 3 from point 1. They won 32.0 
2022-11-29 18:41:33.018585,info,Player lost the out bet with 4 and 2 from point 1. They lost 20 
2022-11-29 18:41:34.358652,info,Player won the jump bet with 6 and 3 from point 1. They won 32.0 
2022-11-29 18:41:34.584285,info,Player won the out bet with 5 and 6 from point 1. They won 72.0 
2022-11-29 18:41:39.884955,info,Player won the jump bet with 4 and 2 from point 1. They won 32.0 
2022-11-29 18:41:40.249211,info,Player lost the out bet with 3 and 6 from point 1. They lost 20 
2022-11-29 18:41:41.641692,info,BONUS: Player triggered bonus with 6 and 6 from point 1. their payout is 330.0 
2022-11-29 18:41:41.641692,info,Player won the jump bet with 6 and 6 from point 1. They won 330.0 
2022-11-29 18:41:41.990002,info,Player won the out bet with 5 and 2 from point 1. They won 370.0 
2022-11-29 18:41:53.894884,info,Player won the jump bet with 3 and 6 from point 1. They won 32.0 
2022-11-29 18:41:54.222701,info,Player lost the out bet with 4 and 3 from point 1. They lost 20 
2022-11-29 18:41:56.166084,info,Player won the jump bet with 3 and 6 from point 1. They won 32.0 
2022-11-29 18:41:56.448420,info,Player lost the out bet with 6 and 1 from point 1. They lost 20 
2022-11-29 18:41:57.690506,info,Player won the jump bet with 2 and 6 from point 1. They won 32.0 
2022-11-29 18:41:57.990138,info,Player lost the out bet with 5 and 3 from point 1. They lost 20 
2022-11-29 18:41:59.012152,info,Player won the jump bet with 2 and 2 from point 1. They won 32.0 
2022-11-29 18:41:59.311024,info,Player rolled a double.2 and 4 on point 1 
2022-11-29 18:41:59.889804,info,BONUS: Player triggered bonus with 6 and 6 from point 1. their payout is 50.0 
2022-11-29 18:41:59.889804,info,Player won the out bet with 6 and 6 from point 1. They won 82.0 
2022-11-29 18:42:06.202974,info,Player won the jump bet with 5 and 2 from point 1. They won 32.0 
2022-11-29 18:42:07.205935,info,Player lost the out bet with 3 and 1 from point 1. They lost 20 
2022-11-29 18:42:08.802463,info,Player won the jump bet with 6 and 5 from point 1. They won 32.0 
2022-11-29 18:42:09.601647,info,Player won the out bet with 6 and 5 from point 1. They won 72.0 
2022-11-29 18:42:11.106236,info,Player won the jump bet with 3 and 3 from point 1. They won 32.0 
2022-11-29 18:42:11.549024,info,BONUS: Player triggered bonus with 5 and 5 from point 1. their payout is 50.0 
2022-11-29 18:42:11.549024,info,Player won the out bet with 5 and 5 from point 1. They won 72.0 
2022-11-29 18:42:16.171017,info,Player won the jump bet with 2 and 5 from point 1. They won 32.0 
2022-11-29 18:42:16.634997,info,Player lost the out bet with 4 and 2 from point 1. They lost 20 
2022-11-29 18:42:18.248986,info,Player lost the jump bet with 3 and 1 from point 1. They lost 20 
2022-11-29 18:42:19.535741,info,Player won the jump bet with 6 and 2 from point 1. They won 32.0 
2022-11-29 18:42:20.013369,info,Player lost the out bet with 1 and 2 from point 1. They lost 20 
2022-11-29 18:42:21.189241,info,Player won the jump bet with 2 and 4 from point 1. They won 32.0 
2022-11-29 18:42:21.519544,info,Player lost the out bet with 3 and 2 from point 1. They lost 20 
2022-11-29 18:42:22.691851,info,Player won the jump bet with 2 and 3 from point 1. They won 32.0 
2022-11-29 18:42:22.958109,info,Player lost the out bet with 1 and 2 from point 1. They lost 20 
2022-11-29 18:43:34.002662,info,Player won the jump bet with 6 and 4 from point 1. They won 1.6 
2022-11-29 18:43:34.419539,info,Player won the out bet with 2 and 6 from point 1. They won 3.6 
2022-11-29 18:43:38.729654,info,Player lost the jump bet with 4 and 1 from point 1. They lost 1 
2022-11-29 18:43:40.351904,info,Player lost the jump bet with 2 and 1 from point 1. They lost 1 
2022-11-29 18:43:42.104180,info,Player won the jump bet with 6 and 4 from point 1. They won 1.6 
2022-11-29 18:43:42.656524,info,Player won the out bet with 4 and 6 from point 1. They won 3.6 
2022-11-29 18:43:44.774665,info,Player lost the jump bet with 3 and 1 from point 1. They lost 1 
2022-11-29 18:43:45.830971,info,Player won the jump bet with 3 and 3 from point 1. They won 1.6 
2022-11-29 18:43:46.463794,info,Player rolled a double.5 and 3 on point 1 
2022-11-29 18:43:48.706385,info,Player won the out bet with 3 and 3 from point 1. They won 3.6 
2022-11-29 18:43:51.843889,info,Player won the jump bet with 6 and 2 from point 1. They won 1.6 
2022-11-29 18:43:52.142914,info,Player lost the out bet with 2 and 3 from point 1. They lost 1 
2022-11-29 18:43:53.307478,info,Player won the jump bet with 5 and 6 from point 1. They won 1.6 
2022-11-29 18:43:53.525518,info,Player rolled a double.1 and 1 on point 1 
2022-11-29 18:43:54.419314,info,Player won the out bet with 3 and 3 from point 1. They won 3.6 
2022-11-29 18:43:58.379749,info,BONUS: Player triggered bonus with 6 and 6 from point 2. their payout is 3.5 
2022-11-29 18:43:58.379749,info,Player won the jump bet with 6 and 6 from point 2. They won 3.5 
2022-11-29 18:44:00.209691,info,Player won the out bet with 4 and 5 from point 2. They won 5.5 
2022-11-29 18:44:02.993761,info,Player lost the jump bet with 5 and 2 from point 2. They lost 1 
2022-11-29 18:44:04.983492,info,Player won the jump bet with 2 and 3 from point 1. They won 1.6 
2022-11-29 18:44:07.108652,info,Player rolled a double.2 and 2 on point 1 
2022-11-29 18:44:08.052230,info,BONUS: Player triggered bonus with 6 and 6 from point 1. their payout is 2.5 
2022-11-29 18:44:08.053231,info,Player won the out bet with 6 and 6 from point 1. They won 4.1 
2022-11-29 18:44:14.170771,info,Player won the jump bet with 3 and 4 from point 2. They won 3 
2022-11-29 18:44:15.540056,info,Player lost the out bet with 2 and 4 from point 2. They lost 1 
2022-11-29 18:45:53.266213,info,Player lost the jump bet with 1 and 3 from point 1. They lost 1 
2022-11-29 18:45:54.930606,info,Player won the jump bet with 2 and 2 from point 1. They won 1.6 
2022-11-29 18:45:55.415055,info,Player rolled a double.5 and 6 on point 1 
2022-11-29 18:45:58.251618,info,Player won the jump bet with 5 and 2 from point 1. They won 1.6 
2022-11-29 18:46:09.657902,info,Player won the jump bet with 6 and 5 from point 1. They won 8.0 
2022-11-29 18:46:10.690992,info,Player won the out bet with 2 and 3 from point 1. They won 10 
2022-11-29 18:46:14.344408,info,Player won the jump bet with 4 and 5 from point 2. They won 15 
2022-11-29 18:46:14.778540,info,Player lost the out bet with 5 and 2 from point 2. They lost 5 
2022-11-29 19:06:44.272050,info,Player won the jump bet with 6 and 4 from point 1. They won 16.0 
2022-11-29 19:06:53.465210,info,BONUS: Player triggered bonus with 6 and 6 from point 1. their payout is 25.0 
2022-11-29 19:06:53.466096,info,Player won the out bet with 6 and 6 from point 1. They won 20 
2022-11-29 19:07:32.815149,info,Player lost the jump bet with 2 and 6 from point 2. They lost 10 
2022-11-29 19:07:42.355006,info,Player won the jump bet with 6 and 5 from point 1. They won 16.0 
2022-11-29 19:07:45.355839,info,Player won the out bet with 2 and 5 from point 1. They won 20 
2022-11-29 19:07:49.282935,info,Player won the jump bet with 4 and 4 from point 2. They won 30 
2022-11-29 19:07:57.085334,info,Player rolled a double.3 and 6 on point 2 
2022-11-29 19:08:00.971733,info,Player won the out bet with 6 and 4 from point 2. They won 20 
2022-11-29 19:08:07.134491,info,Player lost the jump bet with 1 and 4 from point 3. They lost 10 
2022-11-29 19:36:42.914101,info,Player won the jump bet with 2 and 4 from point 1. They won 16.0 
2022-11-29 19:36:43.648710,info,Player lost the out bet with 6 and 1 from point 1. They lost 10 
2022-11-29 19:36:45.253415,info,Player won the jump bet with 3 and 6 from point 1. They won 16.0 
2022-11-29 19:36:45.581290,info,Player lost the out bet with 1 and 3 from point 1. They lost 10 
2022-11-29 19:36:46.654086,info,Player won the jump bet with 6 and 3 from point 1. They won 16.0 
2022-11-29 19:36:46.970096,info,Player lost the out bet with 1 and 6 from point 1. They lost 10 
2022-11-29 19:36:48.158427,info,Player lost the jump bet with 1 and 6 from point 1. They lost 10 
2022-11-29 19:36:49.593063,info,Player lost the jump bet with 1 and 3 from point 1. They lost 10 
2022-11-29 19:36:51.273150,info,Player won the jump bet with 5 and 4 from point 1. They won 16.0 
2022-11-29 19:36:51.618214,info,Player lost the out bet with 6 and 2 from point 1. They lost 10 
2022-12-01 19:27:26.838744,info,Player won the jump bet with 2 and 3 from point 1. They won 1.6 
2022-12-01 19:27:28.860065,info,Player lost the jump bet with 1 and 6 from point 1. They lost 1 
2022-12-01 19:27:29.948023,info,Player won the jump bet with 2 and 2 from point 1. They won 1.6 
2022-12-01 19:27:30.211664,info,Player rolled a double.6 and 4 on point 1 
2022-12-01 19:27:30.902712,info,Player won the out bet with 2 and 3 from point 1. They won 2 
2022-12-01 19:27:33.214444,info,Player won the jump bet with 5 and 4 from point 2. They won 3 
2022-12-01 19:27:33.622208,info,Player won the out bet with 6 and 5 from point 2. They won 2 
2022-12-01 19:27:36.875967,info,Player lost the jump bet with 1 and 6 from point 3. They lost 1 
2022-12-01 19:27:38.556763,info,Player lost the jump bet with 1 and 1 from point 1. They lost 1 
2022-12-01 19:27:39.568850,info,Player lost the jump bet with 3 and 1 from point 1. They lost 1 
